================================================================================================================================
                                             ğŸ“ŠTest ResultsğŸ“Š
================================================================================================================================
ğŸ”· Test Case test_first_auto.py::TestUnit::test_one ğŸ”·:
âœ”ï¸PASSEDâœ”ï¸
ğŸ“„Test DescriptionğŸ“„:
Unit testing ( basic logic of comment posting works and returns success message )
âNo Errorsâ

ğŸ”· Test Case test_first_auto.py::TestUnit::test_two ğŸ”·:
âŒFAILEDâŒ
ğŸ“„Test DescriptionğŸ“„:
Unit testing ( testing the logic of login form )
â—Errors Listâ—:
      âš ï¸ 1. Accessing admin panel even after entering wrong data to the login field, but password entered correctly

ğŸ”· Test Case test_first_auto.py::TestSanity::test_three ğŸ”·:
âœ”ï¸PASSEDâœ”ï¸
ğŸ“„Test DescriptionğŸ“„:
Sanity testing ( quick checking that the homepage loads properly and as expected )
âNo Errorsâ

ğŸ”· Test Case test_first_auto.py::TestPerformance::test_four ğŸ”·:
âœ”ï¸PASSEDâœ”ï¸
ğŸ“„Test DescriptionğŸ“„:
Performance testing ( checking the load time of different pages of the site )
âNo Errorsâ

ğŸ”· Test Case test_first_auto.py::TestSecurity::test_five ğŸ”·:
âŒFAILEDâŒ
ğŸ“„Test DescriptionğŸ“„:
Security testing ( trying to access admin panel by pressing "refresh" button and "back" button )
â—Errors Listâ—:
      âš ï¸ 1. Still accessing admin panel even after refreshing the page
      âš ï¸ 2. Still accessing admin panel even after going back to the page

ğŸ”· Test Case test_first_auto.py::TestFunctional::test_six ğŸ”·:
âœ”ï¸PASSEDâœ”ï¸
ğŸ“„Test DescriptionğŸ“„:
Functional testing ( adding new game )
âNo Errorsâ

ğŸ”· Test Case test_first_auto.py::TestPlace::test_twentytwo ğŸ”·:
âœ”ï¸PASSEDâœ”ï¸
ğŸ“„Test DescriptionğŸ“„:
ğŸ”´ Not provided ğŸ”´
âNo Errorsâ

ğŸ”· Test Case test_first_auto.py::TestRegression::test_ten ğŸ”·:
âœ”ï¸PASSEDâœ”ï¸
ğŸ“„Test DescriptionğŸ“„:
Regression testing ( checking if all routes work and shown properly )
âNo Errorsâ

================================================================================================================================
                                             ğŸš©All tests finishedğŸš©
================================================================================================================================
